<?xml version="1.0" encoding="UTF-8"?>
<!-- Generated by org.testng.reporters.JUnitReportReporter -->
<testsuite hostname="Ankit" failures="0" tests="1" name="demo.Ltst_maven_tstNG.Demo2" time="7.730" errors="0" timestamp="2024-09-03T23:44:17 IST" skipped="0">
  <testcase classname="demo.Ltst_maven_tstNG.Demo2" name="testFunction" time="7.730"/>
</testsuite> <!-- demo.Ltst_maven_tstNG.Demo2 -->
